[debug] [2026-03-05T13:10:06.083Z] ----------------------------------------------------------------------
[debug] [2026-03-05T13:10:06.084Z] Command:       /usr/local/bin/firebase /Users/hasanuzzamanshamim/.cache/firebase/tools/lib/node_modules/firebase-tools/lib/bin/firebase init
[debug] [2026-03-05T13:10:06.085Z] CLI Version:   11.14.4
[debug] [2026-03-05T13:10:06.085Z] Platform:      darwin
[debug] [2026-03-05T13:10:06.085Z] Node Version:  v16.16.0
[debug] [2026-03-05T13:10:06.086Z] Time:          Thu Mar 05 2026 19:10:06 GMT+0600 (Bangladesh Standard Time)
[debug] [2026-03-05T13:10:06.086Z] ----------------------------------------------------------------------
[debug] 
[debug] [2026-03-05T13:10:06.170Z] > command requires scopes: ["email","openid","https://www.googleapis.com/auth/cloudplatformprojects.readonly","https://www.googleapis.com/auth/firebase","https://www.googleapis.com/auth/cloud-platform"]
[debug] [2026-03-05T13:10:06.171Z] > authorizing via signed-in user (hasanuzzamanbe@gmail.com)
[info] 
     ######## #### ########  ######## ########     ###     ######  ########
     ##        ##  ##     ## ##       ##     ##  ##   ##  ##       ##
     ######    ##  ########  ######   ########  #########  ######  ######
     ##        ##  ##    ##  ##       ##     ## ##     ##       ## ##
     ##       #### ##     ## ######## ########  ##     ##  ######  ########

You're about to initialize a Firebase project in this directory:

  /Volumes/Projects/portfolio-v2

Before we get started, keep in mind:

  * You are currently outside your home directory
  * You are initializing within an existing Firebase project directory

[info] 
=== Project Setup
[info] 
[info] First, let's associate this project directory with a Firebase project.
[info] You can create multiple project aliases by running firebase use --add, 
[info] but for now we'll just set up a default project.
[info] 
[debug] [2026-03-05T13:10:10.741Z] Using project from CLI flag: portfolio-eed2f
[debug] [2026-03-05T13:10:10.745Z] >>> [apiv2][query] GET https://firebase.googleapis.com/v1beta1/projects/portfolio-eed2f [none]
[debug] [2026-03-05T13:10:11.353Z] <<< [apiv2][status] GET https://firebase.googleapis.com/v1beta1/projects/portfolio-eed2f 200
[debug] [2026-03-05T13:10:11.356Z] <<< [apiv2][body] GET https://firebase.googleapis.com/v1beta1/projects/portfolio-eed2f {"projectId":"portfolio-eed2f","projectNumber":"880117475989","displayName":"portfolio","name":"projects/portfolio-eed2f","resources":{"hostingSite":"portfolio-eed2f","realtimeDatabaseInstance":"portfolio-eed2f","locationId":"us-central"},"state":"ACTIVE","etag":"1_3f8d7f51-ddce-4df7-ab98-6dde49ad1962"}
[info] i  Using project portfolio-eed2f (portfolio) 
[info] 
=== Hosting Setup
[info] 
[info] Your public directory is the folder (relative to your project directory) that
[info] will contain Hosting assets to be uploaded with firebase deploy. If you
[info] have a build process for your assets, use your build's output directory.
[info] 
[info] ✔  Wrote dist/404.html 
[debug] [2026-03-05T13:10:27.313Z] >>> [apiv2][query] GET https://www.gstatic.com/firebasejs/releases.json [none]
[debug] [2026-03-05T13:10:27.466Z] <<< [apiv2][status] GET https://www.gstatic.com/firebasejs/releases.json 200
[debug] [2026-03-05T13:10:27.466Z] <<< [apiv2][body] GET https://www.gstatic.com/firebasejs/releases.json {"current":{"version":"12.10.0","browserURL":"https://www.gstatic.com/firebasejs/12.10.0/firebase.js","packageURL":"https://www.gstatic.com/firebasejs/12.10.0/firebase.tgz"},"live":{"version":"12.10","browserURL":"https://www.gstatic.com/firebasejs/live/12.10/firebase.js","packageURL":"https://www.gstatic.com/firebasejs/live/12.10/firebase.tgz"},"components":{"ai":"https://www.gstatic.com/firebasejs/12.10.0/firebase-ai.js","analytics":"https://www.gstatic.com/firebasejs/12.10.0/firebase-analytics.js","app":"https://www.gstatic.com/firebasejs/12.10.0/firebase-app.js","app-check":"https://www.gstatic.com/firebasejs/12.10.0/firebase-app-check.js","auth":"https://www.gstatic.com/firebasejs/12.10.0/firebase-auth.js","auth/cordova":"https://www.gstatic.com/firebasejs/12.10.0/firebase-auth/cordova.js","auth/web-extension":"https://www.gstatic.com/firebasejs/12.10.0/firebase-auth/web-extension.js","functions":"https://www.gstatic.com/firebasejs/12.10.0/firebase-functions.js","firestore":"https://www.gstatic.com/firebasejs/12.10.0/firebase-firestore.js","firestore/lite":"https://www.gstatic.com/firebasejs/12.10.0/firebase-firestore/lite.js","firestore/pipelines":"https://www.gstatic.com/firebasejs/12.10.0/firebase-firestore/pipelines.js","firestore/lite/pipelines":"https://www.gstatic.com/firebasejs/12.10.0/firebase-firestore/lite/pipelines.js","installations":"https://www.gstatic.com/firebasejs/12.10.0/firebase-installations.js","storage":"https://www.gstatic.com/firebasejs/12.10.0/firebase-storage.js","performance":"https://www.gstatic.com/firebasejs/12.10.0/firebase-performance.js","remote-config":"https://www.gstatic.com/firebasejs/12.10.0/firebase-remote-config.js","messaging":"https://www.gstatic.com/firebasejs/12.10.0/firebase-messaging.js","messaging/sw":"https://www.gstatic.com/firebasejs/12.10.0/firebase-messaging/sw.js","database":"https://www.gstatic.com/firebasejs/12.10.0/firebase-database.js","data-connect":"https://www.gstatic.com/firebasejs/12.10.0/firebase-data-connect.js","firestore.memory":"https://www.gstatic.com/firebasejs/12.10.0/firebase-firestore.memory.js"}}
